<?xml version="1.0" encoding="UTF-8"?>
<!-- Generated by org.testng.reporters.JUnitReportReporter -->
<testsuite hostname="DESKTOP-OI1AHPK" failures="0" tests="3" name="testNGDemo.TestDemo2" time="17.539" errors="0" timestamp="2023-12-28T16:48:07 IST" skipped="0">
  <testcase classname="testNGDemo.TestDemo2" name="chromeTest" time="4.923"/>
  <system-out/>
  <testcase classname="testNGDemo.TestDemo2" name="firefoxTest" time="5.229"/>
  <system-out/>
  <testcase classname="testNGDemo.TestDemo2" name="edgeTest" time="7.387"/>
  <system-out/>
</testsuite> <!-- testNGDemo.TestDemo2 -->
