<?xml version="1.0" encoding="UTF-8"?>
<!-- Generated by org.testng.reporters.JUnitReportReporter -->
<testsuite hostname="DESKTOP-OI1AHPK" failures="0" tests="1" name="testNGDemo.Assignment5_ScreenShot" time="5.254" errors="0" timestamp="2023-12-31T22:42:42 IST" skipped="0">
  <testcase classname="testNGDemo.Assignment5_ScreenShot" name="capture" time="5.254"/>
  <system-out/>
</testsuite> <!-- testNGDemo.Assignment5_ScreenShot -->
