<?xml version="1.0" encoding="UTF-8"?>
<!-- Generated by org.testng.reporters.JUnitReportReporter -->
<testsuite hostname="DESKTOP-OI1AHPK" failures="0" tests="3" name="devOpsAssignment.SeleniumGridTestAmazon" time="73.913" errors="0" timestamp="2024-01-23T11:55:04 IST" skipped="0">
  <testcase classname="devOpsAssignment.SeleniumGridTestAmazon" name="browserTest" time="22.167"/>
  <system-out/>
  <testcase classname="devOpsAssignment.SeleniumGridTestAmazon" name="browserTest" time="22.025"/>
  <system-out/>
  <testcase classname="devOpsAssignment.SeleniumGridTestAmazon" name="browserTest" time="29.721"/>
  <system-out/>
</testsuite> <!-- devOpsAssignment.SeleniumGridTestAmazon -->
