<?xml version="1.0" encoding="UTF-8"?>
<!-- Generated by org.testng.reporters.JUnitReportReporter -->
<testsuite hostname="DESKTOP-OI1AHPK" failures="0" tests="2" name="testNGDemo.TestDemo1" time="0.016" errors="0" timestamp="2023-12-28T16:37:02 IST" skipped="0">
  <testcase classname="testNGDemo.TestDemo1" name="testCase2" time="0.004"/>
  <system-out/>
  <testcase classname="testNGDemo.TestDemo1" name="testCase1" time="0.012"/>
  <system-out/>
</testsuite> <!-- testNGDemo.TestDemo1 -->
