<?xml version="1.0" encoding="UTF-8"?>
<!-- Generated by org.testng.reporters.JUnitReportReporter -->
<testsuite hostname="DESKTOP-OI1AHPK" failures="0" tests="3" name="pageObjectModel.TestCases.LoginPageTest" time="1.298" errors="0" timestamp="2023-12-31T22:15:26 IST" skipped="0">
  <testcase classname="pageObjectModel.TestCases.LoginPageTest" name="verifyUrl" time="0.049"/>
  <system-out/>
  <testcase classname="pageObjectModel.TestCases.LoginPageTest" name="verifyTitle" time="0.018"/>
  <system-out/>
  <testcase classname="pageObjectModel.TestCases.LoginPageTest" name="verifyLogin" time="1.231"/>
  <system-out/>
</testsuite> <!-- pageObjectModel.TestCases.LoginPageTest -->
