<?xml version="1.0" encoding="UTF-8"?>
<!-- Generated by org.testng.reporters.JUnitReportReporter -->
<testsuite hostname="DESKTOP-OI1AHPK" failures="0" tests="2" name="testNGDemo.TestDemo1" time="0.016" errors="0" timestamp="2024-01-22T18:06:50 IST" skipped="0">
  <testcase classname="testNGDemo.TestDemo1" name="testCase2" time="0.003"/>
  <system-out/>
  <testcase classname="testNGDemo.TestDemo1" name="testCase1" time="0.013"/>
  <system-out/>
</testsuite> <!-- testNGDemo.TestDemo1 -->
